Using pre-set license
Built from '2020.3/staging' branch; Version is '2020.3.26f1 (7298b473bc1a) revision 7510196'; Using compiler version '192528614'; Build Type 'Release'
OS: 'Windows 11  (10.0.22621) 64bit Core' Language: 'en' Physical Memory: 7991 MB
BatchMode: 1, IsHumanControllingUs: 0, StartBugReporterOnCrash: 0, Is64bit: 1, IsPro: 0

COMMAND LINE ARGUMENTS:
C:\Program Files\Unity\Hub\Editor\2020.3.26f1\Editor\Unity.exe
-adb2
-batchMode
-noUpm
-name
AssetImportWorker0
-projectPath
C:/Users/tchou/Downloads/Misc/Unity Projects/Fuirt Fortress
-logFile
Logs/AssetImportWorker0.log
-srvPort
51325
Successfully changed project path to: C:/Users/tchou/Downloads/Misc/Unity Projects/Fuirt Fortress
C:/Users/tchou/Downloads/Misc/Unity Projects/Fuirt Fortress
Using Asset Import Pipeline V2.
Refreshing native plugins compatible for Editor in 71.26 ms, found 2 plugins.
Preloading 0 native plugins for Editor in 0.00 ms.
Initialize engine version: 2020.3.26f1 (7298b473bc1a)
[Subsystems] Discovering subsystems at path C:/Program Files/Unity/Hub/Editor/2020.3.26f1/Editor/Data/Resources/UnitySubsystems
[Subsystems] Discovering subsystems at path C:/Users/tchou/Downloads/Misc/Unity Projects/Fuirt Fortress/Assets
GfxDevice: creating device client; threaded=0
Direct3D:
    Version:  Direct3D 11.0 [level 11.1]
    Renderer: Intel(R) Iris(R) Xe Graphics (ID=0x9a49)
    Vendor:   
    VRAM:     3995 MB
    Driver:   30.0.100.9864
Initialize mono
Mono path[0] = 'C:/Program Files/Unity/Hub/Editor/2020.3.26f1/Editor/Data/Managed'
Mono path[1] = 'C:/Program Files/Unity/Hub/Editor/2020.3.26f1/Editor/Data/MonoBleedingEdge/lib/mono/unityjit'
Mono config path = 'C:/Program Files/Unity/Hub/Editor/2020.3.26f1/Editor/Data/MonoBleedingEdge/etc'
Using monoOptions --debugger-agent=transport=dt_socket,embedding=1,server=y,suspend=n,address=127.0.0.1:56052
Begin MonoManager ReloadAssembly
Registering precompiled unity dll's ...
Register platform support module: C:/Program Files/Unity/Hub/Editor/2020.3.26f1/Editor/Data/PlaybackEngines/WindowsStandaloneSupport/UnityEditor.WindowsStandalone.Extensions.dll
Registered in 0.002221 seconds.
Native extension for WindowsStandalone target not found
Refreshing native plugins compatible for Editor in 66.04 ms, found 2 plugins.
Preloading 0 native plugins for Editor in 0.00 ms.
Mono: successfully reloaded assembly
- Completed reload, in  0.734 seconds
Domain Reload Profiling:
	ReloadAssembly (734ms)
		BeginReloadAssembly (58ms)
			ExecutionOrderSort (0ms)
			DisableScriptedObjects (0ms)
			BackupInstance (0ms)
			ReleaseScriptingObjects (0ms)
			CreateAndSetChildDomain (1ms)
		EndReloadAssembly (597ms)
			LoadAssemblies (55ms)
			RebuildTransferFunctionScriptingTraits (0ms)
			SetupTypeCache (211ms)
			ReleaseScriptCaches (0ms)
			RebuildScriptCaches (33ms)
			SetupLoadedEditorAssemblies (216ms)
				LogAssemblyErrors (0ms)
				InitializePlatformSupportModulesInManaged (4ms)
				SetLoadedEditorAssemblies (0ms)
				RefreshPlugins (66ms)
				BeforeProcessingInitializeOnLoad (16ms)
				ProcessInitializeOnLoadAttributes (94ms)
				ProcessInitializeOnLoadMethodAttributes (35ms)
				AfterProcessingInitializeOnLoad (0ms)
				EditorAssembliesLoaded (0ms)
			ExecutionOrderSort2 (0ms)
			AwakeInstancesAfterBackupRestoration (0ms)
Platform modules already initialized, skipping
Registering precompiled user dll's ...
Registered in 0.012467 seconds.
Begin MonoManager ReloadAssembly
Native extension for WindowsStandalone target not found
Refreshing native plugins compatible for Editor in 0.72 ms, found 2 plugins.
Preloading 0 native plugins for Editor in 0.00 ms.
Mono: successfully reloaded assembly
- Completed reload, in  1.098 seconds
Domain Reload Profiling:
	ReloadAssembly (1099ms)
		BeginReloadAssembly (133ms)
			ExecutionOrderSort (0ms)
			DisableScriptedObjects (4ms)
			BackupInstance (0ms)
			ReleaseScriptingObjects (0ms)
			CreateAndSetChildDomain (19ms)
		EndReloadAssembly (892ms)
			LoadAssemblies (94ms)
			RebuildTransferFunctionScriptingTraits (0ms)
			SetupTypeCache (299ms)
			ReleaseScriptCaches (1ms)
			RebuildScriptCaches (43ms)
			SetupLoadedEditorAssemblies (372ms)
				LogAssemblyErrors (0ms)
				InitializePlatformSupportModulesInManaged (4ms)
				SetLoadedEditorAssemblies (0ms)
				RefreshPlugins (1ms)
				BeforeProcessingInitializeOnLoad (93ms)
				ProcessInitializeOnLoadAttributes (227ms)
				ProcessInitializeOnLoadMethodAttributes (41ms)
				AfterProcessingInitializeOnLoad (6ms)
				EditorAssembliesLoaded (0ms)
			ExecutionOrderSort2 (0ms)
			AwakeInstancesAfterBackupRestoration (5ms)
Platform modules already initialized, skipping
========================================================================
Worker process is ready to serve import requests
Launched and connected shader compiler UnityShaderCompiler.exe after 0.07 seconds
Refreshing native plugins compatible for Editor in 0.57 ms, found 2 plugins.
Preloading 0 native plugins for Editor in 0.00 ms.
Unloading 2290 Unused Serialized files (Serialized files now loaded: 0)
System memory in use before: 94.4 MB.
System memory in use after: 94.6 MB.

Unloading 58 unused Assets to reduce memory usage. Loaded Objects now: 2693.
Total: 8.383600 ms (FindLiveObjects: 0.202000 ms CreateObjectMapping: 0.132300 ms MarkObjects: 7.953400 ms  DeleteObjects: 0.093700 ms)

AssetImportParameters requested are different than current active one (requested -> active):
  custom:framework-win-MediaFoundation: 216162199b28c13a410421893ffa2e32 -> 
  custom:video-decoder-ogg-theora: a1e56fd34408186e4bbccfd4996cb3dc -> 
  custom:container-muxer-webm: aa71ff27fc2769a1b78a27578f13a17b -> 
  custom:container-demuxer-webm: 4f35f7cbe854078d1ac9338744f61a02 -> 
  custom:container-demuxer-ogg: 62fdf1f143b41e24485cea50d1cbac27 -> 
  custom:video-encoder-webm-vp8: eb34c28f22e8b96e1ab97ce403110664 -> 
  custom:video-codec-MediaFoundation-h265: 746d11721c4dcdbdad8f713fa42b33f4 -> 
  custom:video-decoder-webm-vp8: 9c59270c3fd7afecdb556c50c9e8de78 -> 
  custom:audio-decoder-ogg-vorbis: bf7c407c2cedff20999df2af8eb42d56 -> 
  custom:audio-encoder-webm-vorbis: bf7c407c2cedff20999df2af8eb42d56 -> 
========================================================================
Received Import Request.
  path: Assets/Scenes/Main_Profiles
  artifactKey: Guid(fb1fce64370a67f4aaa83d0e3d1c8dd8) Importer(815301076,1909f56bfc062723c751e8b465ee728b)
Start importing Assets/Scenes/Main_Profiles using Guid(fb1fce64370a67f4aaa83d0e3d1c8dd8) Importer(815301076,1909f56bfc062723c751e8b465ee728b)  -> (artifact id: '6e1b2e1c58e871943839339a25e0a57b') in 0.014946 seconds 
  Import took 0.019797 seconds .

========================================================================
Received Import Request.
  Time since last request: 0.000273 seconds.
  path: Assets/Scenes/Main_Profiles/Main Camera Profile.asset
  artifactKey: Guid(ff22e1c8a0f828049899de74cbcdb0f8) Importer(815301076,1909f56bfc062723c751e8b465ee728b)
Start importing Assets/Scenes/Main_Profiles/Main Camera Profile.asset using Guid(ff22e1c8a0f828049899de74cbcdb0f8) Importer(815301076,1909f56bfc062723c751e8b465ee728b)  -> (artifact id: 'cc629f519a6bcc639e83b4cfa453d38c') in 0.095437 seconds 
  Import took 0.100496 seconds .

========================================================================
Received Import Request.
  Time since last request: 0.000291 seconds.
  path: Assets/yoster.ttf
  artifactKey: Guid(8b466453bf9abb2409ce81922d4f1cd4) Importer(815301076,1909f56bfc062723c751e8b465ee728b)
Start importing Assets/yoster.ttf using Guid(8b466453bf9abb2409ce81922d4f1cd4) Importer(815301076,1909f56bfc062723c751e8b465ee728b)  -> (artifact id: '934b65d8ad4e8bd0e79027f956bb42c6') in 0.157511 seconds 
  Import took 0.162740 seconds .

========================================================================
Received Import Request.
  Time since last request: 1.804964 seconds.
  path: Assets/Scenes/End.unity
  artifactKey: Guid(79684e16f52c0ad4cb5f63baf610646c) Importer(815301076,1909f56bfc062723c751e8b465ee728b)
Start importing Assets/Scenes/End.unity using Guid(79684e16f52c0ad4cb5f63baf610646c) Importer(815301076,1909f56bfc062723c751e8b465ee728b)  -> (artifact id: '4631b3df1ba30e741d09a687d78f8935') in 0.017247 seconds 
  Import took 0.022358 seconds .

========================================================================
Received Import Request.
  Time since last request: 2.714549 seconds.
  path: Assets/Scenes/Main.unity
  artifactKey: Guid(edc840041f85a164c80ff7db83042f89) Importer(815301076,1909f56bfc062723c751e8b465ee728b)
Start importing Assets/Scenes/Main.unity using Guid(edc840041f85a164c80ff7db83042f89) Importer(815301076,1909f56bfc062723c751e8b465ee728b)  -> (artifact id: 'b806e52c390e0743706873aa977218ad') in 0.015399 seconds 
  Import took 0.020213 seconds .

========================================================================
Received Import Request.
  Time since last request: 1.478876 seconds.
  path: Assets/Scenes/Start.unity
  artifactKey: Guid(3bae95ce5117f82478ff3350aeafd14a) Importer(815301076,1909f56bfc062723c751e8b465ee728b)
Start importing Assets/Scenes/Start.unity using Guid(3bae95ce5117f82478ff3350aeafd14a) Importer(815301076,1909f56bfc062723c751e8b465ee728b)  -> (artifact id: 'b7c3bcfbe29b36ab92d863c51c44e907') in 0.015350 seconds 
  Import took 0.020252 seconds .

AssetImportWorkerClient::OnTransportError - code=2 error=End of file
